# JRE version: Java(TM) SE Runtime Environment (8.0_65-b17) (build 1.8.0_65-b17)
# Java VM: Java HotSpot(TM) 64-Bit Server VM (25.65-b01 mixed mode windows-amd64 compressed oops)
Heap:
 PSYoungGen      total 343040K, used 10253K [0x000000076af00000, 0x000000078d780000, 0x00000007c0000000)
  eden space 332288K, 0% used [0x000000076af00000,0x000000076af00000,0x000000077f380000)
  from space 10752K, 95% used [0x000000078b100000,0x000000078bb03410,0x000000078bb80000)
  to   space 23040K, 0% used [0x000000078c100000,0x000000078c100000,0x000000078d780000)
 ParOldGen       total 172032K, used 104081K [0x00000006c0c00000, 0x00000006cb400000, 0x000000076af00000)
  object space 172032K, 60% used [0x00000006c0c00000,0x00000006c71a4678,0x00000006cb400000)
 Metaspace       used 148699K, capacity 153618K, committed 153728K, reserved 1189888K
  class space    used 12449K, capacity 13379K, committed 13440K, reserved 1048576K
GC Heap History (10 events):
Event: 10437.067 GC heap after
Heap after GC invocations=122 (full 15):
 PSYoungGen      total 365056K, used 19386K [0x000000076af00000, 0x000000078f780000, 0x00000007c0000000)
  eden space 345600K, 0% used [0x000000076af00000,0x000000076af00000,0x0000000780080000)
  from space 19456K, 99% used [0x000000078db80000,0x000000078ee6eb28,0x000000078ee80000)
  to   space 9216K, 0% used [0x000000078ee80000,0x000000078ee80000,0x000000078f780000)
 ParOldGen       total 172032K, used 97897K [0x00000006c0c00000, 0x00000006cb400000, 0x000000076af00000)
  object space 172032K, 56% used [0x00000006c0c00000,0x00000006c6b9a628,0x00000006cb400000)
 Metaspace       used 148553K, capacity 153542K, committed 153728K, reserved 1189888K
  class space    used 12441K, capacity 13376K, committed 13440K, reserved 1048576K
}
Event: 10485.422 GC heap before
{Heap before GC invocations=123 (full 15):
 PSYoungGen      total 365056K, used 364986K [0x000000076af00000, 0x000000078f780000, 0x00000007c0000000)
  eden space 345600K, 100% used [0x000000076af00000,0x0000000780080000,0x0000000780080000)
  from space 19456K, 99% used [0x000000078db80000,0x000000078ee6eb28,0x000000078ee80000)
  to   space 9216K, 0% used [0x000000078ee80000,0x000000078ee80000,0x000000078f780000)
 ParOldGen       total 172032K, used 97897K [0x00000006c0c00000, 0x00000006cb400000, 0x000000076af00000)
  object space 172032K, 56% used [0x00000006c0c00000,0x00000006c6b9a628,0x00000006cb400000)
 Metaspace       used 148618K, capacity 153606K, committed 153728K, reserved 1189888K
  class space    used 12443K, capacity 13376K, committed 13440K, reserved 1048576K
Event: 10485.429 GC heap after
Heap after GC invocations=123 (full 15):
 PSYoungGen      total 366592K, used 9214K [0x000000076af00000, 0x000000078f780000, 0x00000007c0000000)
  eden space 357376K, 0% used [0x000000076af00000,0x000000076af00000,0x0000000780c00000)
  from space 9216K, 99% used [0x000000078ee80000,0x000000078f77fb88,0x000000078f780000)
  to   space 25600K, 0% used [0x000000078c580000,0x000000078c580000,0x000000078de80000)
 ParOldGen       total 172032K, used 104081K [0x00000006c0c00000, 0x00000006cb400000, 0x000000076af00000)
  object space 172032K, 60% used [0x00000006c0c00000,0x00000006c71a4678,0x00000006cb400000)
 Metaspace       used 148618K, capacity 153606K, committed 153728K, reserved 1189888K
  class space    used 12443K, capacity 13376K, committed 13440K, reserved 1048576K
}
Event: 10542.181 GC heap before
{Heap before GC invocations=124 (full 15):
 PSYoungGen      total 366592K, used 366590K [0x000000076af00000, 0x000000078f780000, 0x00000007c0000000)
  eden space 357376K, 100% used [0x000000076af00000,0x0000000780c00000,0x0000000780c00000)
  from space 9216K, 99% used [0x000000078ee80000,0x000000078f77fb88,0x000000078f780000)
  to   space 25600K, 0% used [0x000000078c580000,0x000000078c580000,0x000000078de80000)
 ParOldGen       total 172032K, used 104081K [0x00000006c0c00000, 0x00000006cb400000, 0x000000076af00000)
  object space 172032K, 60% used [0x00000006c0c00000,0x00000006c71a4678,0x00000006cb400000)
 Metaspace       used 148618K, capacity 153606K, committed 153728K, reserved 1189888K
  class space    used 12443K, capacity 13376K, committed 13440K, reserved 1048576K
Event: 10542.187 GC heap after
Heap after GC invocations=124 (full 15):
 PSYoungGen      total 354304K, used 9406K [0x000000076af00000, 0x000000078ef00000, 0x00000007c0000000)
  eden space 344576K, 0% used [0x000000076af00000,0x000000076af00000,0x000000077ff80000)
  from space 9728K, 96% used [0x000000078c580000,0x000000078ceafb88,0x000000078cf00000)
  to   space 24576K, 0% used [0x000000078d700000,0x000000078d700000,0x000000078ef00000)
 ParOldGen       total 172032K, used 104081K [0x00000006c0c00000, 0x00000006cb400000, 0x000000076af00000)
  object space 172032K, 60% used [0x00000006c0c00000,0x00000006c71a4678,0x00000006cb400000)
 Metaspace       used 148618K, capacity 153606K, committed 153728K, reserved 1189888K
  class space    used 12443K, capacity 13376K, committed 13440K, reserved 1048576K
}
Event: 10597.137 GC heap before
{Heap before GC invocations=125 (full 15):
 PSYoungGen      total 354304K, used 353982K [0x000000076af00000, 0x000000078ef00000, 0x00000007c0000000)
  eden space 344576K, 100% used [0x000000076af00000,0x000000077ff80000,0x000000077ff80000)
  from space 9728K, 96% used [0x000000078c580000,0x000000078ceafb88,0x000000078cf00000)
  to   space 24576K, 0% used [0x000000078d700000,0x000000078d700000,0x000000078ef00000)
 ParOldGen       total 172032K, used 104081K [0x00000006c0c00000, 0x00000006cb400000, 0x000000076af00000)
  object space 172032K, 60% used [0x00000006c0c00000,0x00000006c71a4678,0x00000006cb400000)
 Metaspace       used 148618K, capacity 153606K, committed 153728K, reserved 1189888K
  class space    used 12443K, capacity 13376K, committed 13440K, reserved 1048576K
Event: 10597.145 GC heap after
Heap after GC invocations=125 (full 15):
 PSYoungGen      total 341504K, used 8961K [0x000000076af00000, 0x000000078e000000, 0x00000007c0000000)
  eden space 332288K, 0% used [0x000000076af00000,0x000000076af00000,0x000000077f380000)
  from space 9216K, 97% used [0x000000078d700000,0x000000078dfc07e8,0x000000078e000000)
  to   space 24064K, 0% used [0x000000078b100000,0x000000078b100000,0x000000078c880000)
 ParOldGen       total 172032K, used 104081K [0x00000006c0c00000, 0x00000006cb400000, 0x000000076af00000)
  object space 172032K, 60% used [0x00000006c0c00000,0x00000006c71a4678,0x00000006cb400000)
 Metaspace       used 148618K, capacity 153606K, committed 153728K, reserved 1189888K
  class space    used 12443K, capacity 13376K, committed 13440K, reserved 1048576K
}
Event: 10600.052 GC heap before
{Heap before GC invocations=126 (full 15):
 PSYoungGen      total 341504K, used 43876K [0x000000076af00000, 0x000000078e000000, 0x00000007c0000000)
  eden space 332288K, 10% used [0x000000076af00000,0x000000076d118be0,0x000000077f380000)
  from space 9216K, 97% used [0x000000078d700000,0x000000078dfc07e8,0x000000078e000000)
  to   space 24064K, 0% used [0x000000078b100000,0x000000078b100000,0x000000078c880000)
 ParOldGen       total 172032K, used 104081K [0x00000006c0c00000, 0x00000006cb400000, 0x000000076af00000)
  object space 172032K, 60% used [0x00000006c0c00000,0x00000006c71a4678,0x00000006cb400000)
 Metaspace       used 148699K, capacity 153618K, committed 153728K, reserved 1189888K
  class space    used 12449K, capacity 13379K, committed 13440K, reserved 1048576K
Event: 10600.058 GC heap after
Heap after GC invocations=126 (full 15):
 PSYoungGen      total 343040K, used 10253K [0x000000076af00000, 0x000000078d780000, 0x00000007c0000000)
  eden space 332288K, 0% used [0x000000076af00000,0x000000076af00000,0x000000077f380000)
  from space 10752K, 95% used [0x000000078b100000,0x000000078bb03410,0x000000078bb80000)
  to   space 23040K, 0% used [0x000000078c100000,0x000000078c100000,0x000000078d780000)
 ParOldGen       total 172032K, used 104081K [0x00000006c0c00000, 0x00000006cb400000, 0x000000076af00000)
  object space 172032K, 60% used [0x00000006c0c00000,0x00000006c71a4678,0x00000006cb400000)
 Metaspace       used 148699K, capacity 153618K, committed 153728K, reserved 1189888K
  class space    used 12449K, capacity 13379K, committed 13440K, reserved 1048576K
}
Event: 10600.058 GC heap before
{Heap before GC invocations=127 (full 16):
 PSYoungGen      total 343040K, used 10253K [0x000000076af00000, 0x000000078d780000, 0x00000007c0000000)
  eden space 332288K, 0% used [0x000000076af00000,0x000000076af00000,0x000000077f380000)
  from space 10752K, 95% used [0x000000078b100000,0x000000078bb03410,0x000000078bb80000)
  to   space 23040K, 0% used [0x000000078c100000,0x000000078c100000,0x000000078d780000)
 ParOldGen       total 172032K, used 104081K [0x00000006c0c00000, 0x00000006cb400000, 0x000000076af00000)
  object space 172032K, 60% used [0x00000006c0c00000,0x00000006c71a4678,0x00000006cb400000)
 Metaspace       used 148699K, capacity 153618K, committed 153728K, reserved 1189888K
  class space    used 12449K, capacity 13379K, committed 13440K, reserved 1048576K

