# JRE version: Java(TM) SE Runtime Environment (8.0_65-b17) (build 1.8.0_65-b17)
# Java VM: Java HotSpot(TM) 64-Bit Server VM (25.65-b01 mixed mode windows-amd64 compressed oops)
Heap:
 PSYoungGen      total 269824K, used 31514K [0x000000076af00000, 0x000000077e880000, 0x00000007c0000000)
  eden space 263680K, 9% used [0x000000076af00000,0x000000076c82f5f0,0x000000077b080000)
  from space 6144K, 93% used [0x000000077e280000,0x000000077e817420,0x000000077e880000)
  to   space 17920K, 0% used [0x000000077c580000,0x000000077c580000,0x000000077d700000)
 ParOldGen       total 219648K, used 210959K [0x00000006c0c00000, 0x00000006ce280000, 0x000000076af00000)
  object space 219648K, 96% used [0x00000006c0c00000,0x00000006cda03e90,0x00000006ce280000)
 Metaspace       used 291664K, capacity 300070K, committed 300416K, reserved 1327104K
  class space    used 21045K, capacity 22826K, committed 22912K, reserved 1048576K
GC Heap History (10 events):
Event: 26711.907 GC heap before
{Heap before GC invocations=461 (full 45):
 PSYoungGen      total 322560K, used 320237K [0x000000076af00000, 0x0000000780780000, 0x00000007c0000000)
  eden space 307200K, 100% used [0x000000076af00000,0x000000077db00000,0x000000077db00000)
  from space 15360K, 84% used [0x000000077db00000,0x000000077e7bb4a0,0x000000077ea00000)
  to   space 15872K, 0% used [0x000000077f800000,0x000000077f800000,0x0000000780780000)
 ParOldGen       total 219648K, used 203023K [0x00000006c0c00000, 0x00000006ce280000, 0x000000076af00000)
  object space 219648K, 92% used [0x00000006c0c00000,0x00000006cd243d60,0x00000006ce280000)
 Metaspace       used 291598K, capacity 299942K, committed 300160K, reserved 1327104K
  class space    used 21021K, capacity 22826K, committed 22912K, reserved 1048576K
Event: 26711.915 GC heap after
Heap after GC invocations=461 (full 45):
 PSYoungGen      total 311808K, used 13371K [0x000000076af00000, 0x0000000780580000, 0x00000007c0000000)
  eden space 297984K, 0% used [0x000000076af00000,0x000000076af00000,0x000000077d200000)
  from space 13824K, 96% used [0x000000077f800000,0x000000078050ee98,0x0000000780580000)
  to   space 16384K, 0% used [0x000000077e580000,0x000000077e580000,0x000000077f580000)
 ParOldGen       total 219648K, used 203031K [0x00000006c0c00000, 0x00000006ce280000, 0x000000076af00000)
  object space 219648K, 92% used [0x00000006c0c00000,0x00000006cd245d60,0x00000006ce280000)
 Metaspace       used 291598K, capacity 299942K, committed 300160K, reserved 1327104K
  class space    used 21021K, capacity 22826K, committed 22912K, reserved 1048576K
}
Event: 26898.964 GC heap before
{Heap before GC invocations=462 (full 45):
 PSYoungGen      total 311808K, used 311355K [0x000000076af00000, 0x0000000780580000, 0x00000007c0000000)
  eden space 297984K, 100% used [0x000000076af00000,0x000000077d200000,0x000000077d200000)
  from space 13824K, 96% used [0x000000077f800000,0x000000078050ee98,0x0000000780580000)
  to   space 16384K, 0% used [0x000000077e580000,0x000000077e580000,0x000000077f580000)
 ParOldGen       total 219648K, used 203031K [0x00000006c0c00000, 0x00000006ce280000, 0x000000076af00000)
  object space 219648K, 92% used [0x00000006c0c00000,0x00000006cd245d60,0x00000006ce280000)
 Metaspace       used 291598K, capacity 299942K, committed 300160K, reserved 1327104K
  class space    used 21021K, capacity 22826K, committed 22912K, reserved 1048576K
Event: 26898.972 GC heap after
Heap after GC invocations=462 (full 45):
 PSYoungGen      total 302592K, used 13550K [0x000000076af00000, 0x000000077f880000, 0x00000007c0000000)
  eden space 288768K, 0% used [0x000000076af00000,0x000000076af00000,0x000000077c900000)
  from space 13824K, 98% used [0x000000077e580000,0x000000077f2bbb00,0x000000077f300000)
  to   space 5632K, 0% used [0x000000077f300000,0x000000077f300000,0x000000077f880000)
 ParOldGen       total 219648K, used 203031K [0x00000006c0c00000, 0x00000006ce280000, 0x000000076af00000)
  object space 219648K, 92% used [0x00000006c0c00000,0x00000006cd245d60,0x00000006ce280000)
 Metaspace       used 291598K, capacity 299942K, committed 300160K, reserved 1327104K
  class space    used 21021K, capacity 22826K, committed 22912K, reserved 1048576K
}
Event: 27081.182 GC heap before
{Heap before GC invocations=463 (full 45):
 PSYoungGen      total 302592K, used 302318K [0x000000076af00000, 0x000000077f880000, 0x00000007c0000000)
  eden space 288768K, 100% used [0x000000076af00000,0x000000077c900000,0x000000077c900000)
  from space 13824K, 98% used [0x000000077e580000,0x000000077f2bbb00,0x000000077f300000)
  to   space 5632K, 0% used [0x000000077f300000,0x000000077f300000,0x000000077f880000)
 ParOldGen       total 219648K, used 203031K [0x00000006c0c00000, 0x00000006ce280000, 0x000000076af00000)
  object space 219648K, 92% used [0x00000006c0c00000,0x00000006cd245d60,0x00000006ce280000)
 Metaspace       used 291598K, capacity 299942K, committed 300160K, reserved 1327104K
  class space    used 21021K, capacity 22826K, committed 22912K, reserved 1048576K
Event: 27081.191 GC heap after
Heap after GC invocations=463 (full 45):
 PSYoungGen      total 285696K, used 5629K [0x000000076af00000, 0x000000077f880000, 0x00000007c0000000)
  eden space 280064K, 0% used [0x000000076af00000,0x000000076af00000,0x000000077c080000)
  from space 5632K, 99% used [0x000000077f300000,0x000000077f87f420,0x000000077f880000)
  to   space 16896K, 0% used [0x000000077d780000,0x000000077d780000,0x000000077e800000)
 ParOldGen       total 219648K, used 210959K [0x00000006c0c00000, 0x00000006ce280000, 0x000000076af00000)
  object space 219648K, 96% used [0x00000006c0c00000,0x00000006cda03e90,0x00000006ce280000)
 Metaspace       used 291598K, capacity 299942K, committed 300160K, reserved 1327104K
  class space    used 21021K, capacity 22826K, committed 22912K, reserved 1048576K
}
Event: 27257.362 GC heap before
{Heap before GC invocations=464 (full 45):
 PSYoungGen      total 285696K, used 285693K [0x000000076af00000, 0x000000077f880000, 0x00000007c0000000)
  eden space 280064K, 100% used [0x000000076af00000,0x000000077c080000,0x000000077c080000)
  from space 5632K, 99% used [0x000000077f300000,0x000000077f87f420,0x000000077f880000)
  to   space 16896K, 0% used [0x000000077d780000,0x000000077d780000,0x000000077e800000)
 ParOldGen       total 219648K, used 210959K [0x00000006c0c00000, 0x00000006ce280000, 0x000000076af00000)
  object space 219648K, 96% used [0x00000006c0c00000,0x00000006cda03e90,0x00000006ce280000)
 Metaspace       used 291598K, capacity 299942K, committed 300160K, reserved 1327104K
  class space    used 21021K, capacity 22826K, committed 22912K, reserved 1048576K
Event: 27257.370 GC heap after
Heap after GC invocations=464 (full 45):
 PSYoungGen      total 278016K, used 5741K [0x000000076af00000, 0x000000077f380000, 0x00000007c0000000)
  eden space 271872K, 0% used [0x000000076af00000,0x000000076af00000,0x000000077b880000)
  from space 6144K, 93% used [0x000000077d780000,0x000000077dd1b410,0x000000077dd80000)
  to   space 17408K, 0% used [0x000000077e280000,0x000000077e280000,0x000000077f380000)
 ParOldGen       total 219648K, used 210959K [0x00000006c0c00000, 0x00000006ce280000, 0x000000076af00000)
  object space 219648K, 96% used [0x00000006c0c00000,0x00000006cda03e90,0x00000006ce280000)
 Metaspace       used 291598K, capacity 299942K, committed 300160K, reserved 1327104K
  class space    used 21021K, capacity 22826K, committed 22912K, reserved 1048576K
}
Event: 27429.171 GC heap before
{Heap before GC invocations=465 (full 45):
 PSYoungGen      total 278016K, used 277613K [0x000000076af00000, 0x000000077f380000, 0x00000007c0000000)
  eden space 271872K, 100% used [0x000000076af00000,0x000000077b880000,0x000000077b880000)
  from space 6144K, 93% used [0x000000077d780000,0x000000077dd1b410,0x000000077dd80000)
  to   space 17408K, 0% used [0x000000077e280000,0x000000077e280000,0x000000077f380000)
 ParOldGen       total 219648K, used 210959K [0x00000006c0c00000, 0x00000006ce280000, 0x000000076af00000)
  object space 219648K, 96% used [0x00000006c0c00000,0x00000006cda03e90,0x00000006ce280000)
 Metaspace       used 291598K, capacity 299942K, committed 300160K, reserved 1327104K
  class space    used 21021K, capacity 22826K, committed 22912K, reserved 1048576K
Event: 27429.178 GC heap after
Heap after GC invocations=465 (full 45):
 PSYoungGen      total 269824K, used 5725K [0x000000076af00000, 0x000000077e880000, 0x00000007c0000000)
  eden space 263680K, 0% used [0x000000076af00000,0x000000076af00000,0x000000077b080000)
  from space 6144K, 93% used [0x000000077e280000,0x000000077e817420,0x000000077e880000)
  to   space 17920K, 0% used [0x000000077c580000,0x000000077c580000,0x000000077d700000)
 ParOldGen       total 219648K, used 210959K [0x00000006c0c00000, 0x00000006ce280000, 0x000000076af00000)
  object space 219648K, 96% used [0x00000006c0c00000,0x00000006cda03e90,0x00000006ce280000)
 Metaspace       used 291598K, capacity 299942K, committed 300160K, reserved 1327104K
  class space    used 21021K, capacity 22826K, committed 22912K, reserved 1048576K
}

