# JRE version: Java(TM) SE Runtime Environment (8.0_65-b17) (build 1.8.0_65-b17)
# Java VM: Java HotSpot(TM) 64-Bit Server VM (25.65-b01 mixed mode windows-amd64 compressed oops)
Heap:
 PSYoungGen      total 794624K, used 512K [0x000000076af00000, 0x000000079cf80000, 0x00000007c0000000)
  eden space 772608K, 0% used [0x000000076af00000,0x000000076af00000,0x000000079a180000)
  from space 22016K, 2% used [0x000000079b800000,0x000000079b880000,0x000000079cd80000)
  to   space 23040K, 0% used [0x000000079a180000,0x000000079a180000,0x000000079b800000)
 ParOldGen       total 218112K, used 57157K [0x00000006c0c00000, 0x00000006ce100000, 0x000000076af00000)
  object space 218112K, 26% used [0x00000006c0c00000,0x00000006c43d14c8,0x00000006ce100000)
 Metaspace       used 83736K, capacity 86894K, committed 88064K, reserved 1128448K
  class space    used 8641K, capacity 9248K, committed 9472K, reserved 1048576K
GC Heap History (10 events):
Event: 421.408 GC heap after
Heap after GC invocations=22 (full 7):
 PSYoungGen      total 676352K, used 0K [0x000000076af00000, 0x0000000795c00000, 0x00000007c0000000)
  eden space 662528K, 0% used [0x000000076af00000,0x000000076af00000,0x0000000793600000)
  from space 13824K, 0% used [0x0000000793b80000,0x0000000793b80000,0x0000000794900000)
  to   space 19456K, 0% used [0x0000000794900000,0x0000000794900000,0x0000000795c00000)
 ParOldGen       total 218112K, used 46462K [0x00000006c0c00000, 0x00000006ce100000, 0x000000076af00000)
  object space 218112K, 21% used [0x00000006c0c00000,0x00000006c395fbc0,0x00000006ce100000)
 Metaspace       used 78017K, capacity 81188K, committed 82304K, reserved 1122304K
  class space    used 8297K, capacity 8886K, committed 9088K, reserved 1048576K
}
Event: 423.785 GC heap before
{Heap before GC invocations=23 (full 7):
 PSYoungGen      total 676352K, used 662528K [0x000000076af00000, 0x0000000795c00000, 0x00000007c0000000)
  eden space 662528K, 100% used [0x000000076af00000,0x0000000793600000,0x0000000793600000)
  from space 13824K, 0% used [0x0000000793b80000,0x0000000793b80000,0x0000000794900000)
  to   space 19456K, 0% used [0x0000000794900000,0x0000000794900000,0x0000000795c00000)
 ParOldGen       total 218112K, used 46462K [0x00000006c0c00000, 0x00000006ce100000, 0x000000076af00000)
  object space 218112K, 21% used [0x00000006c0c00000,0x00000006c395fbc0,0x00000006ce100000)
 Metaspace       used 83704K, capacity 87198K, committed 87424K, reserved 1128448K
  class space    used 8665K, capacity 9321K, committed 9344K, reserved 1048576K
Event: 423.793 GC heap after
Heap after GC invocations=23 (full 7):
 PSYoungGen      total 680960K, used 16160K [0x000000076af00000, 0x000000079ca80000, 0x00000007c0000000)
  eden space 661504K, 0% used [0x000000076af00000,0x000000076af00000,0x0000000793500000)
  from space 19456K, 83% used [0x0000000794900000,0x00000007958c8030,0x0000000795c00000)
  to   space 20480K, 0% used [0x0000000793500000,0x0000000793500000,0x0000000794900000)
 ParOldGen       total 218112K, used 46470K [0x00000006c0c00000, 0x00000006ce100000, 0x000000076af00000)
  object space 218112K, 21% used [0x00000006c0c00000,0x00000006c3961bc0,0x00000006ce100000)
 Metaspace       used 83704K, capacity 87198K, committed 87424K, reserved 1128448K
  class space    used 8665K, capacity 9321K, committed 9344K, reserved 1048576K
}
Event: 449.378 GC heap before
{Heap before GC invocations=24 (full 7):
 PSYoungGen      total 680960K, used 120466K [0x000000076af00000, 0x000000079ca80000, 0x00000007c0000000)
  eden space 661504K, 15% used [0x000000076af00000,0x00000007714dcb10,0x0000000793500000)
  from space 19456K, 83% used [0x0000000794900000,0x00000007958c8030,0x0000000795c00000)
  to   space 20480K, 0% used [0x0000000793500000,0x0000000793500000,0x0000000794900000)
 ParOldGen       total 218112K, used 46470K [0x00000006c0c00000, 0x00000006ce100000, 0x000000076af00000)
  object space 218112K, 21% used [0x00000006c0c00000,0x00000006c3961bc0,0x00000006ce100000)
 Metaspace       used 83989K, capacity 87486K, committed 87808K, reserved 1128448K
  class space    used 8708K, capacity 9353K, committed 9472K, reserved 1048576K
Event: 449.389 GC heap after
Heap after GC invocations=24 (full 7):
 PSYoungGen      total 681984K, used 18941K [0x000000076af00000, 0x000000079cd80000, 0x00000007c0000000)
  eden space 661504K, 0% used [0x000000076af00000,0x000000076af00000,0x0000000793500000)
  from space 20480K, 92% used [0x0000000793500000,0x000000079477f4b0,0x0000000794900000)
  to   space 22016K, 0% used [0x000000079b800000,0x000000079b800000,0x000000079cd80000)
 ParOldGen       total 218112K, used 46470K [0x00000006c0c00000, 0x00000006ce100000, 0x000000076af00000)
  object space 218112K, 21% used [0x00000006c0c00000,0x00000006c3961bc0,0x00000006ce100000)
 Metaspace       used 83989K, capacity 87486K, committed 87808K, reserved 1128448K
  class space    used 8708K, capacity 9353K, committed 9472K, reserved 1048576K
}
Event: 449.389 GC heap before
{Heap before GC invocations=25 (full 8):
 PSYoungGen      total 681984K, used 18941K [0x000000076af00000, 0x000000079cd80000, 0x00000007c0000000)
  eden space 661504K, 0% used [0x000000076af00000,0x000000076af00000,0x0000000793500000)
  from space 20480K, 92% used [0x0000000793500000,0x000000079477f4b0,0x0000000794900000)
  to   space 22016K, 0% used [0x000000079b800000,0x000000079b800000,0x000000079cd80000)
 ParOldGen       total 218112K, used 46470K [0x00000006c0c00000, 0x00000006ce100000, 0x000000076af00000)
  object space 218112K, 21% used [0x00000006c0c00000,0x00000006c3961bc0,0x00000006ce100000)
 Metaspace       used 83989K, capacity 87486K, committed 87808K, reserved 1128448K
  class space    used 8708K, capacity 9353K, committed 9472K, reserved 1048576K
Event: 449.557 GC heap after
Heap after GC invocations=25 (full 8):
 PSYoungGen      total 681984K, used 0K [0x000000076af00000, 0x000000079cd80000, 0x00000007c0000000)
  eden space 661504K, 0% used [0x000000076af00000,0x000000076af00000,0x0000000793500000)
  from space 20480K, 0% used [0x0000000793500000,0x0000000793500000,0x0000000794900000)
  to   space 22016K, 0% used [0x000000079b800000,0x000000079b800000,0x000000079cd80000)
 ParOldGen       total 218112K, used 57149K [0x00000006c0c00000, 0x00000006ce100000, 0x000000076af00000)
  object space 218112K, 26% used [0x00000006c0c00000,0x00000006c43cf4c8,0x00000006ce100000)
 Metaspace       used 83474K, capacity 86664K, committed 87808K, reserved 1128448K
  class space    used 8632K, capacity 9214K, committed 9472K, reserved 1048576K
}
Event: 652.013 GC heap before
{Heap before GC invocations=26 (full 8):
 PSYoungGen      total 681984K, used 356980K [0x000000076af00000, 0x000000079cd80000, 0x00000007c0000000)
  eden space 661504K, 53% used [0x000000076af00000,0x0000000780b9d208,0x0000000793500000)
  from space 20480K, 0% used [0x0000000793500000,0x0000000793500000,0x0000000794900000)
  to   space 22016K, 0% used [0x000000079b800000,0x000000079b800000,0x000000079cd80000)
 ParOldGen       total 218112K, used 57149K [0x00000006c0c00000, 0x00000006ce100000, 0x000000076af00000)
  object space 218112K, 26% used [0x00000006c0c00000,0x00000006c43cf4c8,0x00000006ce100000)
 Metaspace       used 83736K, capacity 86894K, committed 88064K, reserved 1128448K
  class space    used 8641K, capacity 9248K, committed 9472K, reserved 1048576K
Event: 652.015 GC heap after
Heap after GC invocations=26 (full 8):
 PSYoungGen      total 794624K, used 512K [0x000000076af00000, 0x000000079cf80000, 0x00000007c0000000)
  eden space 772608K, 0% used [0x000000076af00000,0x000000076af00000,0x000000079a180000)
  from space 22016K, 2% used [0x000000079b800000,0x000000079b880000,0x000000079cd80000)
  to   space 23040K, 0% used [0x000000079a180000,0x000000079a180000,0x000000079b800000)
 ParOldGen       total 218112K, used 57157K [0x00000006c0c00000, 0x00000006ce100000, 0x000000076af00000)
  object space 218112K, 26% used [0x00000006c0c00000,0x00000006c43d14c8,0x00000006ce100000)
 Metaspace       used 83736K, capacity 86894K, committed 88064K, reserved 1128448K
  class space    used 8641K, capacity 9248K, committed 9472K, reserved 1048576K
}
Event: 652.015 GC heap before
{Heap before GC invocations=27 (full 9):
 PSYoungGen      total 794624K, used 512K [0x000000076af00000, 0x000000079cf80000, 0x00000007c0000000)
  eden space 772608K, 0% used [0x000000076af00000,0x000000076af00000,0x000000079a180000)
  from space 22016K, 2% used [0x000000079b800000,0x000000079b880000,0x000000079cd80000)
  to   space 23040K, 0% used [0x000000079a180000,0x000000079a180000,0x000000079b800000)
 ParOldGen       total 218112K, used 57157K [0x00000006c0c00000, 0x00000006ce100000, 0x000000076af00000)
  object space 218112K, 26% used [0x00000006c0c00000,0x00000006c43d14c8,0x00000006ce100000)
 Metaspace       used 83736K, capacity 86894K, committed 88064K, reserved 1128448K
  class space    used 8641K, capacity 9248K, committed 9472K, reserved 1048576K

