# JRE version: Java(TM) SE Runtime Environment (8.0_65-b17) (build 1.8.0_65-b17)
# Java VM: Java HotSpot(TM) 64-Bit Server VM (25.65-b01 mixed mode windows-amd64 compressed oops)
Heap:
 PSYoungGen      total 125440K, used 11903K [0x000000076af00000, 0x0000000773580000, 0x00000007c0000000)
  eden space 119296K, 7% used [0x000000076af00000,0x000000076b7fde78,0x0000000772380000)
  from space 6144K, 43% used [0x0000000772f80000,0x0000000773221e08,0x0000000773580000)
  to   space 9216K, 0% used [0x0000000772380000,0x0000000772380000,0x0000000772c80000)
 ParOldGen       total 196608K, used 150529K [0x00000006c0c00000, 0x00000006ccc00000, 0x000000076af00000)
  object space 196608K, 76% used [0x00000006c0c00000,0x00000006c9f00598,0x00000006ccc00000)
 Metaspace       used 198529K, capacity 205604K, committed 205696K, reserved 1239040K
  class space    used 15321K, capacity 16680K, committed 16768K, reserved 1048576K
GC Heap History (10 events):
Event: 23003.096 GC heap before
{Heap before GC invocations=449 (full 25):
 PSYoungGen      total 136192K, used 135847K [0x000000076af00000, 0x0000000774700000, 0x00000007c0000000)
  eden space 132096K, 100% used [0x000000076af00000,0x0000000773000000,0x0000000773000000)
  from space 4096K, 91% used [0x0000000773300000,0x00000007736a9e08,0x0000000773700000)
  to   space 11776K, 0% used [0x0000000773b80000,0x0000000773b80000,0x0000000774700000)
 ParOldGen       total 196608K, used 150505K [0x00000006c0c00000, 0x00000006ccc00000, 0x000000076af00000)
  object space 196608K, 76% used [0x00000006c0c00000,0x00000006c9efa598,0x00000006ccc00000)
 Metaspace       used 198528K, capacity 205604K, committed 205696K, reserved 1239040K
  class space    used 15320K, capacity 16680K, committed 16768K, reserved 1048576K
Event: 23003.100 GC heap after
Heap after GC invocations=449 (full 25):
 PSYoungGen      total 137728K, used 2840K [0x000000076af00000, 0x0000000774380000, 0x00000007c0000000)
  eden space 129536K, 0% used [0x000000076af00000,0x000000076af00000,0x0000000772d80000)
  from space 8192K, 34% used [0x0000000773b80000,0x0000000773e46278,0x0000000774380000)
  to   space 11264K, 0% used [0x0000000772d80000,0x0000000772d80000,0x0000000773880000)
 ParOldGen       total 196608K, used 150505K [0x00000006c0c00000, 0x00000006ccc00000, 0x000000076af00000)
  object space 196608K, 76% used [0x00000006c0c00000,0x00000006c9efa598,0x00000006ccc00000)
 Metaspace       used 198528K, capacity 205604K, committed 205696K, reserved 1239040K
  class space    used 15320K, capacity 16680K, committed 16768K, reserved 1048576K
}
Event: 23044.283 GC heap before
{Heap before GC invocations=450 (full 25):
 PSYoungGen      total 137728K, used 132376K [0x000000076af00000, 0x0000000774380000, 0x00000007c0000000)
  eden space 129536K, 100% used [0x000000076af00000,0x0000000772d80000,0x0000000772d80000)
  from space 8192K, 34% used [0x0000000773b80000,0x0000000773e46278,0x0000000774380000)
  to   space 11264K, 0% used [0x0000000772d80000,0x0000000772d80000,0x0000000773880000)
 ParOldGen       total 196608K, used 150505K [0x00000006c0c00000, 0x00000006ccc00000, 0x000000076af00000)
  object space 196608K, 76% used [0x00000006c0c00000,0x00000006c9efa598,0x00000006ccc00000)
 Metaspace       used 198528K, capacity 205604K, committed 205696K, reserved 1239040K
  class space    used 15320K, capacity 16680K, committed 16768K, reserved 1048576K
Event: 23044.287 GC heap after
Heap after GC invocations=450 (full 25):
 PSYoungGen      total 130048K, used 2919K [0x000000076af00000, 0x0000000774000000, 0x00000007c0000000)
  eden space 126976K, 0% used [0x000000076af00000,0x000000076af00000,0x0000000772b00000)
  from space 3072K, 95% used [0x0000000772d80000,0x0000000773059e08,0x0000000773080000)
  to   space 10752K, 0% used [0x0000000773580000,0x0000000773580000,0x0000000774000000)
 ParOldGen       total 196608K, used 150521K [0x00000006c0c00000, 0x00000006ccc00000, 0x000000076af00000)
  object space 196608K, 76% used [0x00000006c0c00000,0x00000006c9efe598,0x00000006ccc00000)
 Metaspace       used 198528K, capacity 205604K, committed 205696K, reserved 1239040K
  class space    used 15320K, capacity 16680K, committed 16768K, reserved 1048576K
}
Event: 23082.315 GC heap before
{Heap before GC invocations=451 (full 25):
 PSYoungGen      total 130048K, used 129895K [0x000000076af00000, 0x0000000774000000, 0x00000007c0000000)
  eden space 126976K, 100% used [0x000000076af00000,0x0000000772b00000,0x0000000772b00000)
  from space 3072K, 95% used [0x0000000772d80000,0x0000000773059e08,0x0000000773080000)
  to   space 10752K, 0% used [0x0000000773580000,0x0000000773580000,0x0000000774000000)
 ParOldGen       total 196608K, used 150521K [0x00000006c0c00000, 0x00000006ccc00000, 0x000000076af00000)
  object space 196608K, 76% used [0x00000006c0c00000,0x00000006c9efe598,0x00000006ccc00000)
 Metaspace       used 198528K, capacity 205604K, committed 205696K, reserved 1239040K
  class space    used 15320K, capacity 16680K, committed 16768K, reserved 1048576K
Event: 23082.319 GC heap after
Heap after GC invocations=451 (full 25):
 PSYoungGen      total 131584K, used 2599K [0x000000076af00000, 0x0000000773c80000, 0x00000007c0000000)
  eden space 124416K, 0% used [0x000000076af00000,0x000000076af00000,0x0000000772880000)
  from space 7168K, 36% used [0x0000000773580000,0x0000000773809e08,0x0000000773c80000)
  to   space 10240K, 0% used [0x0000000772880000,0x0000000772880000,0x0000000773280000)
 ParOldGen       total 196608K, used 150529K [0x00000006c0c00000, 0x00000006ccc00000, 0x000000076af00000)
  object space 196608K, 76% used [0x00000006c0c00000,0x00000006c9f00598,0x00000006ccc00000)
 Metaspace       used 198528K, capacity 205604K, committed 205696K, reserved 1239040K
  class space    used 15320K, capacity 16680K, committed 16768K, reserved 1048576K
}
Event: 23121.934 GC heap before
{Heap before GC invocations=452 (full 25):
 PSYoungGen      total 131584K, used 127015K [0x000000076af00000, 0x0000000773c80000, 0x00000007c0000000)
  eden space 124416K, 100% used [0x000000076af00000,0x0000000772880000,0x0000000772880000)
  from space 7168K, 36% used [0x0000000773580000,0x0000000773809e08,0x0000000773c80000)
  to   space 10240K, 0% used [0x0000000772880000,0x0000000772880000,0x0000000773280000)
 ParOldGen       total 196608K, used 150529K [0x00000006c0c00000, 0x00000006ccc00000, 0x000000076af00000)
  object space 196608K, 76% used [0x00000006c0c00000,0x00000006c9f00598,0x00000006ccc00000)
 Metaspace       used 198528K, capacity 205604K, committed 205696K, reserved 1239040K
  class space    used 15320K, capacity 16680K, committed 16768K, reserved 1048576K
Event: 23121.937 GC heap after
Heap after GC invocations=452 (full 25):
 PSYoungGen      total 124928K, used 2823K [0x000000076af00000, 0x0000000773900000, 0x00000007c0000000)
  eden space 121856K, 0% used [0x000000076af00000,0x000000076af00000,0x0000000772600000)
  from space 3072K, 91% used [0x0000000772880000,0x0000000772b41e08,0x0000000772b80000)
  to   space 9728K, 0% used [0x0000000772f80000,0x0000000772f80000,0x0000000773900000)
 ParOldGen       total 196608K, used 150529K [0x00000006c0c00000, 0x00000006ccc00000, 0x000000076af00000)
  object space 196608K, 76% used [0x00000006c0c00000,0x00000006c9f00598,0x00000006ccc00000)
 Metaspace       used 198528K, capacity 205604K, committed 205696K, reserved 1239040K
  class space    used 15320K, capacity 16680K, committed 16768K, reserved 1048576K
}
Event: 23160.734 GC heap before
{Heap before GC invocations=453 (full 25):
 PSYoungGen      total 124928K, used 124679K [0x000000076af00000, 0x0000000773900000, 0x00000007c0000000)
  eden space 121856K, 100% used [0x000000076af00000,0x0000000772600000,0x0000000772600000)
  from space 3072K, 91% used [0x0000000772880000,0x0000000772b41e08,0x0000000772b80000)
  to   space 9728K, 0% used [0x0000000772f80000,0x0000000772f80000,0x0000000773900000)
 ParOldGen       total 196608K, used 150529K [0x00000006c0c00000, 0x00000006ccc00000, 0x000000076af00000)
  object space 196608K, 76% used [0x00000006c0c00000,0x00000006c9f00598,0x00000006ccc00000)
 Metaspace       used 198528K, capacity 205604K, committed 205696K, reserved 1239040K
  class space    used 15320K, capacity 16680K, committed 16768K, reserved 1048576K
Event: 23160.738 GC heap after
Heap after GC invocations=453 (full 25):
 PSYoungGen      total 125440K, used 2695K [0x000000076af00000, 0x0000000773580000, 0x00000007c0000000)
  eden space 119296K, 0% used [0x000000076af00000,0x000000076af00000,0x0000000772380000)
  from space 6144K, 43% used [0x0000000772f80000,0x0000000773221e08,0x0000000773580000)
  to   space 9216K, 0% used [0x0000000772380000,0x0000000772380000,0x0000000772c80000)
 ParOldGen       total 196608K, used 150529K [0x00000006c0c00000, 0x00000006ccc00000, 0x000000076af00000)
  object space 196608K, 76% used [0x00000006c0c00000,0x00000006c9f00598,0x00000006ccc00000)
 Metaspace       used 198528K, capacity 205604K, committed 205696K, reserved 1239040K
  class space    used 15320K, capacity 16680K, committed 16768K, reserved 1048576K
}

