# JRE version: Java(TM) SE Runtime Environment (8.0_65-b17) (build 1.8.0_65-b17)
# Java VM: Java HotSpot(TM) 64-Bit Server VM (25.65-b01 mixed mode windows-amd64 compressed oops)
Heap:
 PSYoungGen      total 532480K, used 271486K [0x000000076af00000, 0x000000078d900000, 0x00000007c0000000)
  eden space 513536K, 49% used [0x000000076af00000,0x000000077a786f20,0x000000078a480000)
  from space 18944K, 89% used [0x000000078a480000,0x000000078b518a08,0x000000078b700000)
  to   space 19456K, 0% used [0x000000078c600000,0x000000078c600000,0x000000078d900000)
 ParOldGen       total 214528K, used 87914K [0x00000006c0c00000, 0x00000006cdd80000, 0x000000076af00000)
  object space 214528K, 40% used [0x00000006c0c00000,0x00000006c61da920,0x00000006cdd80000)
 Metaspace       used 129703K, capacity 134068K, committed 134272K, reserved 1171456K
  class space    used 11221K, capacity 12110K, committed 12160K, reserved 1048576K
GC Heap History (10 events):
Event: 1643.119 GC heap before
{Heap before GC invocations=63 (full 13):
 PSYoungGen      total 518144K, used 511217K [0x000000076af00000, 0x000000078c900000, 0x00000007c0000000)
  eden space 499200K, 100% used [0x000000076af00000,0x0000000789680000,0x0000000789680000)
  from space 18944K, 63% used [0x0000000789680000,0x000000078a23c738,0x000000078a900000)
  to   space 18432K, 0% used [0x000000078b700000,0x000000078b700000,0x000000078c900000)
 ParOldGen       total 214528K, used 81102K [0x00000006c0c00000, 0x00000006cdd80000, 0x000000076af00000)
  object space 214528K, 37% used [0x00000006c0c00000,0x00000006c5b33bb8,0x00000006cdd80000)
 Metaspace       used 122993K, capacity 127166K, committed 127488K, reserved 1165312K
  class space    used 10852K, capacity 11679K, committed 11776K, reserved 1048576K
Event: 1643.126 GC heap after
Heap after GC invocations=63 (full 13):
 PSYoungGen      total 531456K, used 16544K [0x000000076af00000, 0x000000078ca80000, 0x00000007c0000000)
  eden space 513024K, 0% used [0x000000076af00000,0x000000076af00000,0x000000078a400000)
  from space 18432K, 89% used [0x000000078b700000,0x000000078c728290,0x000000078c900000)
  to   space 19456K, 0% used [0x000000078a400000,0x000000078a400000,0x000000078b700000)
 ParOldGen       total 214528K, used 81110K [0x00000006c0c00000, 0x00000006cdd80000, 0x000000076af00000)
  object space 214528K, 37% used [0x00000006c0c00000,0x00000006c5b35bb8,0x00000006cdd80000)
 Metaspace       used 122993K, capacity 127166K, committed 127488K, reserved 1165312K
  class space    used 10852K, capacity 11679K, committed 11776K, reserved 1048576K
}
Event: 1726.567 GC heap before
{Heap before GC invocations=64 (full 13):
 PSYoungGen      total 531456K, used 238699K [0x000000076af00000, 0x000000078ca80000, 0x00000007c0000000)
  eden space 513024K, 43% used [0x000000076af00000,0x00000007787f2c30,0x000000078a400000)
  from space 18432K, 89% used [0x000000078b700000,0x000000078c728290,0x000000078c900000)
  to   space 19456K, 0% used [0x000000078a400000,0x000000078a400000,0x000000078b700000)
 ParOldGen       total 214528K, used 81110K [0x00000006c0c00000, 0x00000006cdd80000, 0x000000076af00000)
  object space 214528K, 37% used [0x00000006c0c00000,0x00000006c5b35bb8,0x00000006cdd80000)
 Metaspace       used 123485K, capacity 127754K, committed 128000K, reserved 1165312K
  class space    used 10881K, capacity 11731K, committed 11776K, reserved 1048576K
Event: 1726.576 GC heap after
Heap after GC invocations=64 (full 13):
 PSYoungGen      total 532480K, used 14116K [0x000000076af00000, 0x000000078c980000, 0x00000007c0000000)
  eden space 513024K, 0% used [0x000000076af00000,0x000000076af00000,0x000000078a400000)
  from space 19456K, 72% used [0x000000078a400000,0x000000078b1c9278,0x000000078b700000)
  to   space 18944K, 0% used [0x000000078b700000,0x000000078b700000,0x000000078c980000)
 ParOldGen       total 214528K, used 81118K [0x00000006c0c00000, 0x00000006cdd80000, 0x000000076af00000)
  object space 214528K, 37% used [0x00000006c0c00000,0x00000006c5b37bb8,0x00000006cdd80000)
 Metaspace       used 123485K, capacity 127754K, committed 128000K, reserved 1165312K
  class space    used 10881K, capacity 11731K, committed 11776K, reserved 1048576K
}
Event: 1726.576 GC heap before
{Heap before GC invocations=65 (full 14):
 PSYoungGen      total 532480K, used 14116K [0x000000076af00000, 0x000000078c980000, 0x00000007c0000000)
  eden space 513024K, 0% used [0x000000076af00000,0x000000076af00000,0x000000078a400000)
  from space 19456K, 72% used [0x000000078a400000,0x000000078b1c9278,0x000000078b700000)
  to   space 18944K, 0% used [0x000000078b700000,0x000000078b700000,0x000000078c980000)
 ParOldGen       total 214528K, used 81118K [0x00000006c0c00000, 0x00000006cdd80000, 0x000000076af00000)
  object space 214528K, 37% used [0x00000006c0c00000,0x00000006c5b37bb8,0x00000006cdd80000)
 Metaspace       used 123485K, capacity 127754K, committed 128000K, reserved 1165312K
  class space    used 10881K, capacity 11731K, committed 11776K, reserved 1048576K
Event: 1726.800 GC heap after
Heap after GC invocations=65 (full 14):
 PSYoungGen      total 532480K, used 0K [0x000000076af00000, 0x000000078c980000, 0x00000007c0000000)
  eden space 513024K, 0% used [0x000000076af00000,0x000000076af00000,0x000000078a400000)
  from space 19456K, 0% used [0x000000078a400000,0x000000078a400000,0x000000078b700000)
  to   space 18944K, 0% used [0x000000078b700000,0x000000078b700000,0x000000078c980000)
 ParOldGen       total 214528K, used 87898K [0x00000006c0c00000, 0x00000006cdd80000, 0x000000076af00000)
  object space 214528K, 40% used [0x00000006c0c00000,0x00000006c61d6920,0x00000006cdd80000)
 Metaspace       used 122928K, capacity 126866K, committed 128000K, reserved 1165312K
  class space    used 10799K, capacity 11582K, committed 11776K, reserved 1048576K
}
Event: 1728.407 GC heap before
{Heap before GC invocations=66 (full 14):
 PSYoungGen      total 532480K, used 513024K [0x000000076af00000, 0x000000078c980000, 0x00000007c0000000)
  eden space 513024K, 100% used [0x000000076af00000,0x000000078a400000,0x000000078a400000)
  from space 19456K, 0% used [0x000000078a400000,0x000000078a400000,0x000000078b700000)
  to   space 18944K, 0% used [0x000000078b700000,0x000000078b700000,0x000000078c980000)
 ParOldGen       total 214528K, used 87898K [0x00000006c0c00000, 0x00000006cdd80000, 0x000000076af00000)
  object space 214528K, 40% used [0x00000006c0c00000,0x00000006c61d6920,0x00000006cdd80000)
 Metaspace       used 126106K, capacity 130188K, committed 130816K, reserved 1167360K
  class space    used 11029K, capacity 11841K, committed 12032K, reserved 1048576K
Event: 1728.419 GC heap after
Heap after GC invocations=66 (full 14):
 PSYoungGen      total 532480K, used 12396K [0x000000076af00000, 0x000000078d880000, 0x00000007c0000000)
  eden space 513536K, 0% used [0x000000076af00000,0x000000076af00000,0x000000078a480000)
  from space 18944K, 65% used [0x000000078b700000,0x000000078c31b208,0x000000078c980000)
  to   space 18944K, 0% used [0x000000078a480000,0x000000078a480000,0x000000078b700000)
 ParOldGen       total 214528K, used 87906K [0x00000006c0c00000, 0x00000006cdd80000, 0x000000076af00000)
  object space 214528K, 40% used [0x00000006c0c00000,0x00000006c61d8920,0x00000006cdd80000)
 Metaspace       used 126106K, capacity 130188K, committed 130816K, reserved 1167360K
  class space    used 11029K, capacity 11841K, committed 12032K, reserved 1048576K
}
Event: 1732.809 GC heap before
{Heap before GC invocations=67 (full 14):
 PSYoungGen      total 532480K, used 525932K [0x000000076af00000, 0x000000078d880000, 0x00000007c0000000)
  eden space 513536K, 100% used [0x000000076af00000,0x000000078a480000,0x000000078a480000)
  from space 18944K, 65% used [0x000000078b700000,0x000000078c31b208,0x000000078c980000)
  to   space 18944K, 0% used [0x000000078a480000,0x000000078a480000,0x000000078b700000)
 ParOldGen       total 214528K, used 87906K [0x00000006c0c00000, 0x00000006cdd80000, 0x000000076af00000)
  object space 214528K, 40% used [0x00000006c0c00000,0x00000006c61d8920,0x00000006cdd80000)
 Metaspace       used 129302K, capacity 133626K, committed 133760K, reserved 1171456K
  class space    used 11198K, capacity 12062K, committed 12160K, reserved 1048576K
Event: 1732.818 GC heap after
Heap after GC invocations=67 (full 14):
 PSYoungGen      total 532480K, used 16994K [0x000000076af00000, 0x000000078d900000, 0x00000007c0000000)
  eden space 513536K, 0% used [0x000000076af00000,0x000000076af00000,0x000000078a480000)
  from space 18944K, 89% used [0x000000078a480000,0x000000078b518a08,0x000000078b700000)
  to   space 19456K, 0% used [0x000000078c600000,0x000000078c600000,0x000000078d900000)
 ParOldGen       total 214528K, used 87914K [0x00000006c0c00000, 0x00000006cdd80000, 0x000000076af00000)
  object space 214528K, 40% used [0x00000006c0c00000,0x00000006c61da920,0x00000006cdd80000)
 Metaspace       used 129302K, capacity 133626K, committed 133760K, reserved 1171456K
  class space    used 11198K, capacity 12062K, committed 12160K, reserved 1048576K
}

