# JRE version: Java(TM) SE Runtime Environment (8.0_65-b17) (build 1.8.0_65-b17)
# Java VM: Java HotSpot(TM) 64-Bit Server VM (25.65-b01 mixed mode windows-amd64 compressed oops)
Heap:
 PSYoungGen      total 45568K, used 42942K [0x000000076af00000, 0x000000076dd80000, 0x00000007c0000000)
  eden space 43520K, 97% used [0x000000076af00000,0x000000076d87b0d8,0x000000076d980000)
  from space 2048K, 22% used [0x000000076d980000,0x000000076d9f4a50,0x000000076db80000)
  to   space 2048K, 0% used [0x000000076db80000,0x000000076db80000,0x000000076dd80000)
 ParOldGen       total 205312K, used 113418K [0x00000006c0c00000, 0x00000006cd480000, 0x000000076af00000)
  object space 205312K, 55% used [0x00000006c0c00000,0x00000006c7ac2878,0x00000006cd480000)
 Metaspace       used 128494K, capacity 133276K, committed 133376K, reserved 1171456K
  class space    used 11268K, capacity 12224K, committed 12288K, reserved 1048576K
GC Heap History (10 events):
Event: 18801.635 GC heap before
{Heap before GC invocations=434 (full 13):
 PSYoungGen      total 45568K, used 44197K [0x000000076af00000, 0x000000076dd80000, 0x00000007c0000000)
  eden space 43520K, 100% used [0x000000076af00000,0x000000076d980000,0x000000076d980000)
  from space 2048K, 33% used [0x000000076db80000,0x000000076dc295f8,0x000000076dd80000)
  to   space 2048K, 0% used [0x000000076d980000,0x000000076d980000,0x000000076db80000)
 ParOldGen       total 205312K, used 113362K [0x00000006c0c00000, 0x00000006cd480000, 0x000000076af00000)
  object space 205312K, 55% used [0x00000006c0c00000,0x00000006c7ab4878,0x00000006cd480000)
 Metaspace       used 128481K, capacity 133276K, committed 133376K, reserved 1171456K
  class space    used 11265K, capacity 12224K, committed 12288K, reserved 1048576K
Event: 18801.637 GC heap after
Heap after GC invocations=434 (full 13):
 PSYoungGen      total 45568K, used 658K [0x000000076af00000, 0x000000076dd80000, 0x00000007c0000000)
  eden space 43520K, 0% used [0x000000076af00000,0x000000076af00000,0x000000076d980000)
  from space 2048K, 32% used [0x000000076d980000,0x000000076da24a50,0x000000076db80000)
  to   space 2048K, 0% used [0x000000076db80000,0x000000076db80000,0x000000076dd80000)
 ParOldGen       total 205312K, used 113378K [0x00000006c0c00000, 0x00000006cd480000, 0x000000076af00000)
  object space 205312K, 55% used [0x00000006c0c00000,0x00000006c7ab8878,0x00000006cd480000)
 Metaspace       used 128481K, capacity 133276K, committed 133376K, reserved 1171456K
  class space    used 11265K, capacity 12224K, committed 12288K, reserved 1048576K
}
Event: 18829.471 GC heap before
{Heap before GC invocations=435 (full 13):
 PSYoungGen      total 45568K, used 44178K [0x000000076af00000, 0x000000076dd80000, 0x00000007c0000000)
  eden space 43520K, 100% used [0x000000076af00000,0x000000076d980000,0x000000076d980000)
  from space 2048K, 32% used [0x000000076d980000,0x000000076da24a50,0x000000076db80000)
  to   space 2048K, 0% used [0x000000076db80000,0x000000076db80000,0x000000076dd80000)
 ParOldGen       total 205312K, used 113378K [0x00000006c0c00000, 0x00000006cd480000, 0x000000076af00000)
  object space 205312K, 55% used [0x00000006c0c00000,0x00000006c7ab8878,0x00000006cd480000)
 Metaspace       used 128481K, capacity 133276K, committed 133376K, reserved 1171456K
  class space    used 11265K, capacity 12224K, committed 12288K, reserved 1048576K
Event: 18829.474 GC heap after
Heap after GC invocations=435 (full 13):
 PSYoungGen      total 45568K, used 613K [0x000000076af00000, 0x000000076dd80000, 0x00000007c0000000)
  eden space 43520K, 0% used [0x000000076af00000,0x000000076af00000,0x000000076d980000)
  from space 2048K, 29% used [0x000000076db80000,0x000000076dc195f8,0x000000076dd80000)
  to   space 2048K, 0% used [0x000000076d980000,0x000000076d980000,0x000000076db80000)
 ParOldGen       total 205312K, used 113378K [0x00000006c0c00000, 0x00000006cd480000, 0x000000076af00000)
  object space 205312K, 55% used [0x00000006c0c00000,0x00000006c7ab8878,0x00000006cd480000)
 Metaspace       used 128481K, capacity 133276K, committed 133376K, reserved 1171456K
  class space    used 11265K, capacity 12224K, committed 12288K, reserved 1048576K
}
Event: 18857.352 GC heap before
{Heap before GC invocations=436 (full 13):
 PSYoungGen      total 45568K, used 44133K [0x000000076af00000, 0x000000076dd80000, 0x00000007c0000000)
  eden space 43520K, 100% used [0x000000076af00000,0x000000076d980000,0x000000076d980000)
  from space 2048K, 29% used [0x000000076db80000,0x000000076dc195f8,0x000000076dd80000)
  to   space 2048K, 0% used [0x000000076d980000,0x000000076d980000,0x000000076db80000)
 ParOldGen       total 205312K, used 113378K [0x00000006c0c00000, 0x00000006cd480000, 0x000000076af00000)
  object space 205312K, 55% used [0x00000006c0c00000,0x00000006c7ab8878,0x00000006cd480000)
 Metaspace       used 128481K, capacity 133276K, committed 133376K, reserved 1171456K
  class space    used 11265K, capacity 12224K, committed 12288K, reserved 1048576K
Event: 18857.354 GC heap after
Heap after GC invocations=436 (full 13):
 PSYoungGen      total 45568K, used 658K [0x000000076af00000, 0x000000076dd80000, 0x00000007c0000000)
  eden space 43520K, 0% used [0x000000076af00000,0x000000076af00000,0x000000076d980000)
  from space 2048K, 32% used [0x000000076d980000,0x000000076da24a50,0x000000076db80000)
  to   space 2048K, 0% used [0x000000076db80000,0x000000076db80000,0x000000076dd80000)
 ParOldGen       total 205312K, used 113402K [0x00000006c0c00000, 0x00000006cd480000, 0x000000076af00000)
  object space 205312K, 55% used [0x00000006c0c00000,0x00000006c7abe878,0x00000006cd480000)
 Metaspace       used 128481K, capacity 133276K, committed 133376K, reserved 1171456K
  class space    used 11265K, capacity 12224K, committed 12288K, reserved 1048576K
}
Event: 18885.237 GC heap before
{Heap before GC invocations=437 (full 13):
 PSYoungGen      total 45568K, used 44178K [0x000000076af00000, 0x000000076dd80000, 0x00000007c0000000)
  eden space 43520K, 100% used [0x000000076af00000,0x000000076d980000,0x000000076d980000)
  from space 2048K, 32% used [0x000000076d980000,0x000000076da24a50,0x000000076db80000)
  to   space 2048K, 0% used [0x000000076db80000,0x000000076db80000,0x000000076dd80000)
 ParOldGen       total 205312K, used 113402K [0x00000006c0c00000, 0x00000006cd480000, 0x000000076af00000)
  object space 205312K, 55% used [0x00000006c0c00000,0x00000006c7abe878,0x00000006cd480000)
 Metaspace       used 128481K, capacity 133276K, committed 133376K, reserved 1171456K
  class space    used 11265K, capacity 12224K, committed 12288K, reserved 1048576K
Event: 18885.239 GC heap after
Heap after GC invocations=437 (full 13):
 PSYoungGen      total 45568K, used 581K [0x000000076af00000, 0x000000076dd80000, 0x00000007c0000000)
  eden space 43520K, 0% used [0x000000076af00000,0x000000076af00000,0x000000076d980000)
  from space 2048K, 28% used [0x000000076db80000,0x000000076dc115f8,0x000000076dd80000)
  to   space 2048K, 0% used [0x000000076d980000,0x000000076d980000,0x000000076db80000)
 ParOldGen       total 205312K, used 113418K [0x00000006c0c00000, 0x00000006cd480000, 0x000000076af00000)
  object space 205312K, 55% used [0x00000006c0c00000,0x00000006c7ac2878,0x00000006cd480000)
 Metaspace       used 128481K, capacity 133276K, committed 133376K, reserved 1171456K
  class space    used 11265K, capacity 12224K, committed 12288K, reserved 1048576K
}
Event: 18902.511 GC heap before
{Heap before GC invocations=438 (full 13):
 PSYoungGen      total 45568K, used 44101K [0x000000076af00000, 0x000000076dd80000, 0x00000007c0000000)
  eden space 43520K, 100% used [0x000000076af00000,0x000000076d980000,0x000000076d980000)
  from space 2048K, 28% used [0x000000076db80000,0x000000076dc115f8,0x000000076dd80000)
  to   space 2048K, 0% used [0x000000076d980000,0x000000076d980000,0x000000076db80000)
 ParOldGen       total 205312K, used 113418K [0x00000006c0c00000, 0x00000006cd480000, 0x000000076af00000)
  object space 205312K, 55% used [0x00000006c0c00000,0x00000006c7ac2878,0x00000006cd480000)
 Metaspace       used 128481K, capacity 133276K, committed 133376K, reserved 1171456K
  class space    used 11265K, capacity 12224K, committed 12288K, reserved 1048576K
Event: 18902.515 GC heap after
Heap after GC invocations=438 (full 13):
 PSYoungGen      total 45568K, used 466K [0x000000076af00000, 0x000000076dd80000, 0x00000007c0000000)
  eden space 43520K, 0% used [0x000000076af00000,0x000000076af00000,0x000000076d980000)
  from space 2048K, 22% used [0x000000076d980000,0x000000076d9f4a50,0x000000076db80000)
  to   space 2048K, 0% used [0x000000076db80000,0x000000076db80000,0x000000076dd80000)
 ParOldGen       total 205312K, used 113418K [0x00000006c0c00000, 0x00000006cd480000, 0x000000076af00000)
  object space 205312K, 55% used [0x00000006c0c00000,0x00000006c7ac2878,0x00000006cd480000)
 Metaspace       used 128481K, capacity 133276K, committed 133376K, reserved 1171456K
  class space    used 11265K, capacity 12224K, committed 12288K, reserved 1048576K
}

